<?xml version="1.0" encoding="UTF-8"?>
<testsuite name="comstepdefinitionpetclinic.TestRunner" time="151.06" tests="7" errors="0" skipped="0" failures="0">
  <properties>
[...]
</properties>
  <testcase name="Add a new owner" classname="Add, Update, saerch Owner Details" time="20.263"/>
  <testcase name="Update Existing Owner details" classname="Add, Update, saerch Owner Details" time="20.772"/>
  <testcase name="Search existing customer with lastname" classname="Add, Update, saerch Owner Details" time="15.772"/>
  <testcase name="Add a new pet for existing customer" classname="Add pet , visit and view Owner/pet Details" time="24.637"/>
  <testcase name="Add a visit to veterinarian for my pet and view the details" classname="Add pet , visit and view Owner/pet Details" time="26.24"/>
  <testcase name="View my pets and visit details" classname="Add pet , visit and view Owner/pet Details" time="30.336"/>
  <testcase name="View the list of veterinarians" classname="View veterinarians details" time="13.04"/>
</testsuite>